{
  "RSpec": {
    "coverage": {
      "/Users/fanzhang/Desktop/projects/ruby on rails/job_seeker2/app/helpers/application_helper.rb": {
        "lines": [
          null,
          null,
          1,
          null
        ]
      },
      "/Users/fanzhang/Desktop/projects/ruby on rails/job_seeker2/app/helpers/pages_helper.rb": {
        "lines": [
          null,
          null,
          1,
          null
        ]
      },
      "/Users/fanzhang/Desktop/projects/ruby on rails/job_seeker2/app/models/job.rb": {
        "lines": [
          null,
          null,
          1,
          1,
          1,
          null
        ]
      },
      "/Users/fanzhang/Desktop/projects/ruby on rails/job_seeker2/app/models/application_record.rb": {
        "lines": [
          null,
          null,
          1,
          1,
          null
        ]
      },
      "/Users/fanzhang/Desktop/projects/ruby on rails/job_seeker2/app/models/jobseeker.rb": {
        "lines": [
          null,
          null,
          1,
          1,
          1,
          null
        ]
      },
      "/Users/fanzhang/Desktop/projects/ruby on rails/job_seeker2/app/models/tag_match.rb": {
        "lines": [
          null,
          null,
          1,
          1,
          1,
          null
        ]
      },
      "/Users/fanzhang/Desktop/projects/ruby on rails/job_seeker2/app/models/tag.rb": {
        "lines": [
          null,
          null,
          1,
          1,
          null
        ]
      },
      "/Users/fanzhang/Desktop/projects/ruby on rails/job_seeker2/app/services/job_match_service.rb": {
        "lines": [
          1,
          1,
          1,
          null,
          1,
          5,
          5,
          5,
          null,
          null,
          1,
          null,
          null,
          null,
          null,
          null,
          null,
          null,
          null,
          null,
          null,
          null,
          null,
          null,
          null,
          null,
          null,
          null,
          null,
          null,
          null,
          null,
          null,
          null,
          null,
          null,
          null,
          null,
          null,
          null,
          null,
          null,
          null,
          null,
          3,
          null,
          null,
          null,
          null,
          null,
          null,
          null,
          null,
          null,
          null,
          null,
          null,
          null,
          null,
          null,
          null,
          null,
          null,
          null,
          null,
          null,
          null,
          null,
          null,
          null,
          null,
          3,
          null,
          null,
          null,
          1,
          null,
          2,
          1,
          null,
          1,
          null,
          2,
          2,
          null,
          0,
          0,
          null,
          null,
          null,
          null,
          1,
          null,
          1,
          null,
          null,
          null
        ]
      }
    },
    "timestamp": 1724634925
  }
}
